2022-11-23 23:34:55,155 INFO Programm started
2022-11-23 23:34:55,155 INFO Program printed Компьютер загадывает целое число от 1 до N. Ваша цель угадать его.
2022-11-23 23:34:55,155 INFO Program printed Введите N
2022-11-23 23:34:58,687 INFO Users input number 7
2022-11-23 23:34:58,687 INFO N = 7
2022-11-23 23:34:58,687 INFO Program printed Введите числом количество попыток
2022-11-23 23:35:02,862 INFO Users input number 3
2022-11-23 23:35:02,862 INFO attempts = 3
2022-11-23 23:35:02,863 INFO guessed_number = 4
2022-11-23 23:35:02,863 INFO Попытка № 1
2022-11-23 23:35:02,863 INFO Program printed Введите число, которое, на ваш взгляд, загадал компьютер
2022-11-23 23:35:05,199 INFO Users input number q
2022-11-23 23:35:05,199 ERROR Incorrect number
2022-11-23 23:35:09,414 INFO Users input number 4
2022-11-23 23:35:09,414 INFO Program printed Вы отгадали!!! С попытки № 1
2022-11-23 23:35:09,414 INFO Programms end
2022-11-23 23:35:30,447 INFO Programm started
2022-11-23 23:35:30,447 INFO Program printed Компьютер загадывает целое число от 1 до N. Ваша цель угадать его.
2022-11-23 23:35:30,447 INFO Program printed Введите N
2022-11-23 23:35:32,934 INFO Users input number 10
2022-11-23 23:35:32,934 INFO N = 10
2022-11-23 23:35:32,934 INFO Program printed Введите числом количество попыток
2022-11-23 23:35:34,318 INFO Users input number 5
2022-11-23 23:35:34,319 INFO attempts = 5
2022-11-23 23:35:34,319 INFO guessed_number = 2
2022-11-23 23:35:34,319 INFO Попытка № 1
2022-11-23 23:35:34,319 INFO Program printed Введите число, которое, на ваш взгляд, загадал компьютер
2022-11-23 23:35:36,206 INFO Users input number 5
2022-11-23 23:35:36,206 INFO Неправильно. Осталось попыток: 4
2022-11-23 23:35:36,207 INFO Попытка № 2
2022-11-23 23:35:36,207 INFO Program printed Введите число, которое, на ваш взгляд, загадал компьютер
2022-11-23 23:35:39,494 INFO Users input number 3
2022-11-23 23:35:39,494 INFO Неправильно. Осталось попыток: 3
2022-11-23 23:35:39,494 INFO Попытка № 3
2022-11-23 23:35:39,494 INFO Program printed Введите число, которое, на ваш взгляд, загадал компьютер
2022-11-23 23:35:42,366 INFO Users input number 1
2022-11-23 23:35:42,366 INFO Неправильно. Осталось попыток: 2
2022-11-23 23:35:42,366 INFO Program printed Загаданное число больше
2022-11-23 23:35:42,366 INFO Попытка № 4
2022-11-23 23:35:42,366 INFO Program printed Введите число, которое, на ваш взгляд, загадал компьютер
2022-11-23 23:35:44,815 INFO Users input number 2
2022-11-23 23:35:44,815 INFO Program printed Вы отгадали!!! С попытки № 4
2022-11-23 23:35:44,815 INFO Programms end
